<?xml version="1.0" encoding="UTF-8"?>
<testng-results skipped="0" failed="0" total="1" passed="1">
  <reporter-output>
    <line>
      <![CDATA[SignIn Action is successfully perfomred]]>
    </line>
    <line>
      <![CDATA[Verification Passed for Product Name on Check Out page.]]>
    </line>
    <line>
      <![CDATA[Verification Passed for Product Price on Check Out page.]]>
    </line>
    <line>
      <![CDATA[Payment is successfully perfromed for the purchased product.]]>
    </line>
    <line>
      <![CDATA[Verification Passed for Product Name on Confirmation page]]>
    </line>
    <line>
      <![CDATA[Verification Passed for Product Price on Confirmation page]]>
    </line>
    <line>
      <![CDATA[Verification Passed for Product Name]]>
    </line>
    <line>
      <![CDATA[Verification Passed for Product Price]]>
    </line>
  </reporter-output>
  <suite name="Default suite" duration-ms="96991" started-at="2014-09-10T12:04:04Z" finished-at="2014-09-10T12:05:41Z">
    <groups>
    </groups>
    <test name="Default test" duration-ms="96991" started-at="2014-09-10T12:04:04Z" finished-at="2014-09-10T12:05:41Z">
      <class name="testCases.Framework_001">
        <test-method status="PASS" signature="beforeMethod()[pri:0, instance:testCases.Framework_001@84639c]" name="beforeMethod" is-config="true" duration-ms="45645" started-at="2014-09-10T17:34:04Z" finished-at="2014-09-10T17:34:49Z">
          <reporter-output>
          </reporter-output>
        </test-method> <!-- beforeMethod -->
        <test-method status="PASS" signature="main()[pri:0, instance:testCases.Framework_001@84639c]" name="main" duration-ms="51310" started-at="2014-09-10T17:34:49Z" finished-at="2014-09-10T17:35:41Z">
          <reporter-output>
            <line>
              <![CDATA[SignIn Action is successfully perfomred]]>
            </line>
            <line>
              <![CDATA[Verification Passed for Product Name on Check Out page.]]>
            </line>
            <line>
              <![CDATA[Verification Passed for Product Price on Check Out page.]]>
            </line>
            <line>
              <![CDATA[Payment is successfully perfromed for the purchased product.]]>
            </line>
            <line>
              <![CDATA[Verification Passed for Product Name on Confirmation page]]>
            </line>
            <line>
              <![CDATA[Verification Passed for Product Price on Confirmation page]]>
            </line>
            <line>
              <![CDATA[Verification Passed for Product Name]]>
            </line>
            <line>
              <![CDATA[Verification Passed for Product Price]]>
            </line>
          </reporter-output>
        </test-method> <!-- main -->
        <test-method status="PASS" signature="afterMethod()[pri:0, instance:testCases.Framework_001@84639c]" name="afterMethod" is-config="true" duration-ms="23" started-at="2014-09-10T17:35:41Z" finished-at="2014-09-10T17:35:41Z">
          <reporter-output>
          </reporter-output>
        </test-method> <!-- afterMethod -->
      </class> <!-- testCases.Framework_001 -->
    </test> <!-- Default test -->
  </suite> <!-- Default suite -->
</testng-results>
